<?xml version="1.0" encoding="UTF-8"?><config>
<properties>
<param key="flow.name" value=""/>
<param key="flow.service.mode" value="online"/>
<param key="flow.service.port" value="38088"/>
</properties>
<flow>
<definition>
<node class="KAFKA" id="KAFKA-01" input="" number="1" output="2"/>
<node class="RABBITMQ" id="RABBITMQ-02" input="1" number="2" output=""/>
</definition>
<setting>
<node id="KAFKA-01">
<params>
<param key="component.path" value="com.ext.teros.component.Executor"/>
</params>
</node>
<node id="RABBITMQ-02">
<params>
<param key="component.path" value="com.ext.teros.component.Executor"/>
</params>
</node>
</setting>
</flow>
</config>
